<?xml version="1.0" encoding="UTF-8"?>
<!-- Generated by org.testng.reporters.JUnitReportReporter -->
<testsuite hostname="Ksenias-MBP.hitronhub.home" failures="0" tests="2" name="com.herokuapp.theinternet.NegativeTest" time="11.411" errors="0" timestamp="17 Oct 2020 01:51:25 GMT" skipped="0">
  <testcase classname="com.herokuapp.theinternet.NegativeTest" name="invalidLoginTest" time="6.563"/>
  <testcase classname="com.herokuapp.theinternet.NegativeTest" name="invalidLoginTest" time="4.848"/>
</testsuite> <!-- com.herokuapp.theinternet.NegativeTest -->
