<?xml version="1.0" encoding="UTF-8"?>
<!-- Generated by org.testng.reporters.JUnitReportReporter -->
<testsuite hostname="Ksenias-MBP.hitronhub.home" failures="0" tests="1" name="com.herokuapp.theinternet.ExceptionTests" time="7.573" errors="0" timestamp="18 Oct 2020 03:53:39 GMT" skipped="0">
  <testcase classname="com.herokuapp.theinternet.ExceptionTests" name="disabledElementTest" time="7.573"/>
</testsuite> <!-- com.herokuapp.theinternet.ExceptionTests -->
