<?xml version="1.0" encoding="UTF-8"?>
<!-- Generated by org.testng.reporters.JUnitReportReporter -->
<testsuite hostname="Ksenias-MBP.hitronhub.home" failures="0" tests="1" name="com.herokuapp.theinternet.LoginTests" time="6.423" errors="0" timestamp="18 Oct 2020 00:29:54 GMT" skipped="0">
  <testcase classname="com.herokuapp.theinternet.LoginTests" name="PositiveLoginTest" time="6.423"/>
</testsuite> <!-- com.herokuapp.theinternet.LoginTests -->
