<?xml version="1.0" encoding="UTF-8"?>
<!-- Generated by org.testng.reporters.JUnitReportReporter -->
<testsuite hostname="Ksenias-MBP.hitronhub.home" failures="0" tests="1" name="com.herokuapp.theinternet.PositiveTest" time="3.825" errors="0" timestamp="17 Oct 2020 00:53:07 GMT" skipped="0">
  <testcase classname="com.herokuapp.theinternet.PositiveTest" name="loginTest" time="3.825"/>
</testsuite> <!-- com.herokuapp.theinternet.PositiveTest -->
